3442 462404
4728 282148
5612 163025
12194 403524
12221 146802
13938 472627
17794 955270
21723 408009
26388 913839
29314 864409
30167 882573
31123 304831
33486 30501
36926 278283
37712 906511
41969 164118
42579 973556
44437 565274
45083 378060
45712 912575
45893 75245
46026 158042
52536 29253
54150 45468
55767 908333
57498 649855
69829 649417
69860 151462
70378 69417
71194 890351
73446 854588
74957 258266
76406 113192
78624 92014
79138 988458
81520 85718
83550 9925
84471 976279
89652 738640
97841 382450
98659 743484
99599 620390
100713 963561
104385 528823
111021 795612
112660 942098
113702 895987
115358 204697
122930 630430
124826 876238
126510 162479
126600 144925
129188 794970
129831 191747
132592 284028
133396 671019
133660 748516
134334 738518
141374 875506
142099 18529
144099 67384
145723 544431
146143 38160
150825 164580
155442 135960
160039 275114
161855 257477
162753 727229
165442 813407
165938 686148
167751 697285
168726 138551
175804 946835
177317 869091
177404 932565
178860 61077
180422 306218
183547 926453
190282 461774
190402 792419
195533 971471
197298 305961
199326 898922
200787 478641
205798 842551
213066 782458
214509 817718
214708 420077
217921 552406
221613 440555
222278 989995
225307 739229
228129 768262
228332 406432
239373 25407
246532 567319
246721 240891
247326 403438
248511 564017
250476 973998
250953 150303
253536 688038
253679 832488
254125 567949
254248 493263
257615 451175
262022 173368
264825 334638
268907 383183
276000 870763
279052 394988
282170 331561
282851 690398
285455 405883
285767 521808
287211 885687
289260 780942
291499 814273
294871 526720
295820 475758
300509 22822
301278 718579
303789 701171
304332 158700
304617 396194
306041 296098
313130 568849
319500 774921
319571 582894
320562 429348
323006 223806
326381 499464
328318 4265
329026 875606
329898 519190
332017 990359
334510 358537
335190 240120
339213 948942
340121 32955
341448 118888
343567 224557
345921 800011
346496 285192
349259 448840
352183 885729
353640 154529
369787 710310
370417 312227
372499 639184
378121 949313
378247 270502
378297 883673
378544 413731
378554 937524
380869 80315
383175 425807
383247 774762
392965 967969
393638 195609
398142 759423
398427 245359
401977 825450
402243 182765
402686 319433
406936 646538
409467 76395
409663 238317
413919 843413
415748 626087
415764 886661
418937 199405
423752 926970
424000 530360
425453 926448
429628 788084
430963 148607
433549 787158
435040 179224
435421 732053
436178 524583
439407 377752
440246 710912
442205 861587
448904 37074
450156 390095
450454 15805
453559 85128
456657 847956
458938 942168
459664 549597
460030 726099
461525 498292
464485 298925
468571 119466
469928 941865
471078 686216
472125 126651
474708 113371
476449 941193
476566 626287
476685 809455
485616 189138
495563 73462
498400 34887
500363 98468
501056 353199
503405 69936
503826 385260
505521 752256
505858 241516
508147 193730
513297 602713
518216 352743
518594 766827
518641 686321
520350 752172
525029 734205
525346 736315
526285 953406
534298 199083
535085 229916
537192 297335
540548 325752
542611 265319
546161 865656
547536 333891
547561 366388
548223 114024
550345 831837
554194 211784
555472 675593
555722 910614
556255 8134
557452 536286
560279 591267
561036 974994
561754 121662
561828 988030
561937 344055
562581 976731
565093 157316
565473 454290
569347 860746
569454 569862
573256 757803
574548 896146
574923 146905
576238 536148
576601 418028
584002 724143
585376 877813
591878 488410
594101 341002
594281 198029
596886 969789
596918 232111
601911 86709
602072 137215
603070 784256
611223 293831
611575 555760
615199 522505
619282 151620
620328 593975
621038 247560
621375 21974
621607 570025
623062 560856
624330 353964
630199 135266
632174 661148
636477 923207
638433 716021
638914 694299
640780 768010
642314 276529
643276 400618
646484 668661
650588 892461
651732 534676
654499 147395
657334 744287
663656 877280
664174 496394
670244 930923
675188 938194
677566 249924
678116 578538
682660 509831
686296 624261
690010 50933
699721 97754
702729 926380
703131 882039
712085 666063
713759 614246
715012 404362
718333 991297
718748 352991
718950 533309
719374 497861
721956 812397
724589 107426
724728 611048
727997 606799
730829 83445
731742 847596
732336 964442
735455 66659
739836 43541
743720 797789
746124 566137
747242 461721
749447 257743
753693 194799
753806 254952
754547 495208
755464 314995
758370 67464
763942 790518
768474 529140
777937 692228
778856 208792
779728 250839
780572 566768
782278 263726
789200 234419
789389 842987
794168 270219
795692 826700
797386 259444
799584 480692
801323 635541
804962 96552
806518 709042
808400 435324
813238 894698
814553 586740
820295 872996
823658 72484
824119 309782
825394 304496
826099 73487
831483 808186
833288 695270
836298 469860
838107 334121
838463 540623
839189 153165
843064 967488
846027 161184
846842 614151
847826 91318
849142 957630
855025 798000
856501 923613
857110 958190
858263 10775
859601 845762
859947 181737
860928 746802
861351 819641
861847 526868
863481 519858
867781 780844
869967 803481
871315 472071
871960 56908
872790 182207
872897 468864
874188 345348
874522 19155
874580 148119
879748 983839
880875 453647
882192 864715
882858 189306
887730 654776
888353 686824
888669 697676
890885 450106
891481 544092
896483 862185
896533 975059
896909 839400
901207 907444
901776 866511
902636 917359
903403 231210
906440 890331
906736 124791
910437 730989
912486 208271
915915 108337
915994 875059
916599 787948
916690 991711
921822 906748
924465 290848
929018 386926
929313 443971
929746 476104
930454 994419
931303 614412
932743 342182
933437 36314
934405 32032
935803 413394
936907 754282
948693 508484
949510 344367
949542 240159
950263 315913
952287 946941
952425 841531
955388 715991
957144 588551
957241 785243
959543 165521
961253 167448
964745 537989
964798 63469
967942 147768
975001 931481
976738 225085
977124 574083
980091 748325
980416 660512
980708 263367
980763 322379
982117 854507
985072 911525
987001 418100
991965 583264
996182 305506
997271 12210
999373 526153
192
